# JRE version: Java(TM) SE Runtime Environment (20.0.1+9) (build 20.0.1+9-29)
# Java VM: Java HotSpot(TM) 64-Bit Server VM (20.0.1+9-29, mixed mode, sharing, tiered, compressed oops, compressed class ptrs, g1 gc, windows-amd64)
GC Precious Log:
 CardTable entry size: 512
 Card Set container configuration: InlinePtr #cards 5 size 8 Array Of Cards #cards 12 size 40 Howl #buckets 4 coarsen threshold 1843 Howl Bitmap #cards 512 size 80 coarsen threshold 460 Card regions per heap region 1 cards per card region 2048
 CPUs: 4 total, 4 available
 Memory: 8027M
 Large Page Support: Disabled
 NUMA Support: Disabled
 Compressed Oops: Enabled (32-bit)
 Heap Region Size: 1M
 Heap Min Capacity: 8M
 Heap Initial Capacity: 126M
 Heap Max Capacity: 2008M
 Pre-touch: Disabled
 Parallel Workers: 4
 Concurrent Workers: 1
 Concurrent Refinement Workers: 4
 Periodic GC: Disabled
Heap:
 garbage-first heap   total 86016K, used 32015K [0x0000000082800000, 0x0000000100000000)
  region size 1024K, 17 young (17408K), 10 survivors (10240K)
 Metaspace       used 25466K, committed 25856K, reserved 1114112K
  class space    used 2867K, committed 3008K, reserved 1048576K
GC Heap History (10 events):
Event: 1.111 GC heap before
{Heap before GC invocations=0 (full 0):
 garbage-first heap   total 129024K, used 12288K [0x0000000082800000, 0x0000000100000000)
  region size 1024K, 13 young (13312K), 0 survivors (0K)
 Metaspace       used 3874K, committed 4096K, reserved 1114112K
  class space    used 395K, committed 512K, reserved 1048576K
}
Event: 1.117 GC heap after
{Heap after GC invocations=1 (full 0):
 garbage-first heap   total 129024K, used 3328K [0x0000000082800000, 0x0000000100000000)
  region size 1024K, 2 young (2048K), 2 survivors (2048K)
 Metaspace       used 3874K, committed 4096K, reserved 1114112K
  class space    used 395K, committed 512K, reserved 1048576K
}
Event: 1.637 GC heap before
{Heap before GC invocations=1 (full 0):
 garbage-first heap   total 129024K, used 17664K [0x0000000082800000, 0x0000000100000000)
  region size 1024K, 16 young (16384K), 2 survivors (2048K)
 Metaspace       used 6128K, committed 6400K, reserved 1114112K
  class space    used 714K, committed 832K, reserved 1048576K
}
Event: 1.642 GC heap after
{Heap after GC invocations=2 (full 0):
 garbage-first heap   total 129024K, used 4313K [0x0000000082800000, 0x0000000100000000)
  region size 1024K, 1 young (1024K), 1 survivors (1024K)
 Metaspace       used 6128K, committed 6400K, reserved 1114112K
  class space    used 714K, committed 832K, reserved 1048576K
}
Event: 4.867 GC heap before
{Heap before GC invocations=2 (full 0):
 garbage-first heap   total 129024K, used 80089K [0x0000000082800000, 0x0000000100000000)
  region size 1024K, 75 young (76800K), 1 survivors (1024K)
 Metaspace       used 15938K, committed 16128K, reserved 1114112K
  class space    used 1852K, committed 1920K, reserved 1048576K
}
Event: 4.886 GC heap after
{Heap after GC invocations=3 (full 0):
 garbage-first heap   total 129024K, used 12012K [0x0000000082800000, 0x0000000100000000)
  region size 1024K, 9 young (9216K), 9 survivors (9216K)
 Metaspace       used 15938K, committed 16128K, reserved 1114112K
  class space    used 1852K, committed 1920K, reserved 1048576K
}
Event: 7.218 GC heap before
{Heap before GC invocations=3 (full 0):
 garbage-first heap   total 141312K, used 124652K [0x0000000082800000, 0x0000000100000000)
  region size 1024K, 68 young (69632K), 9 survivors (9216K)
 Metaspace       used 17460K, committed 17728K, reserved 1114112K
  class space    used 1965K, committed 2048K, reserved 1048576K
}
Event: 7.235 GC heap after
{Heap after GC invocations=4 (full 0):
 garbage-first heap   total 141312K, used 35599K [0x0000000082800000, 0x0000000100000000)
  region size 1024K, 4 young (4096K), 4 survivors (4096K)
 Metaspace       used 17460K, committed 17728K, reserved 1114112K
  class space    used 1965K, committed 2048K, reserved 1048576K
}
Event: 8.954 GC heap before
{Heap before GC invocations=4 (full 0):
 garbage-first heap   total 141312K, used 83727K [0x0000000082800000, 0x0000000100000000)
  region size 1024K, 35 young (35840K), 4 survivors (4096K)
 Metaspace       used 21208K, committed 21504K, reserved 1114112K
  class space    used 2416K, committed 2560K, reserved 1048576K
}
Event: 8.968 GC heap after
{Heap after GC invocations=5 (full 0):
 garbage-first heap   total 141312K, used 24847K [0x0000000082800000, 0x0000000100000000)
  region size 1024K, 10 young (10240K), 10 survivors (10240K)
 Metaspace       used 21208K, committed 21504K, reserved 1114112K
  class space    used 2416K, committed 2560K, reserved 1048576K
}

